<?xml version="1.0" encoding="UTF-8"?>
<!-- Generated by org.testng.reporters.JUnitXMLReporter -->
<testsuite hostname="DESKTOP-7Q00M93" ignored="0" name="reg1" tests="4" failures="0" timestamp="25 May 2019 15:22:59 GMT" time="104.491" errors="0">
  <testcase name="oneTest" time="15.562" classname="ant.testng.ClassOne"/>
  <testcase name="oneTest" time="52.458" classname="ant.testng.ClassTwo"/>
  <testcase name="oneTest" time="10.492" classname="ant.testng.ClassThree"/>
  <testcase name="oneTest" time="25.913" classname="ant.testng.ClassFour"/>
</testsuite> <!-- reg1 -->
