<?xml version="1.0" encoding="UTF-8"?>
<testng-results skipped="0" failed="0" ignored="0" total="4" passed="4">
  <reporter-output>
  </reporter-output>
  <suite name="Suite1" duration-ms="104491" started-at="2019-05-25T15:21:14Z" finished-at="2019-05-25T15:22:59Z">
    <groups>
    </groups>
    <test name="reg1" duration-ms="104491" started-at="2019-05-25T15:21:14Z" finished-at="2019-05-25T15:22:59Z">
      <class name="ant.testng.ClassTwo">
        <test-method status="PASS" signature="oneTest()[pri:0, instance:ant.testng.ClassTwo@4520ebad]" name="oneTest" duration-ms="52458" started-at="2019-05-25T15:21:30Z" finished-at="2019-05-25T15:22:23Z">
          <reporter-output>
          </reporter-output>
        </test-method> <!-- oneTest -->
      </class> <!-- ant.testng.ClassTwo -->
      <class name="ant.testng.ClassThree">
        <test-method status="PASS" signature="oneTest()[pri:0, instance:ant.testng.ClassThree@5419f379]" name="oneTest" duration-ms="10492" started-at="2019-05-25T15:22:23Z" finished-at="2019-05-25T15:22:33Z">
          <reporter-output>
          </reporter-output>
        </test-method> <!-- oneTest -->
      </class> <!-- ant.testng.ClassThree -->
      <class name="ant.testng.ClassFour">
        <test-method status="PASS" signature="oneTest()[pri:0, instance:ant.testng.ClassFour@7dc7cbad]" name="oneTest" duration-ms="25913" started-at="2019-05-25T15:22:33Z" finished-at="2019-05-25T15:22:59Z">
          <reporter-output>
          </reporter-output>
        </test-method> <!-- oneTest -->
      </class> <!-- ant.testng.ClassFour -->
      <class name="ant.testng.ClassOne">
        <test-method status="PASS" signature="oneTest()[pri:0, instance:ant.testng.ClassOne@62ee68d8]" name="oneTest" duration-ms="15562" started-at="2019-05-25T15:21:14Z" finished-at="2019-05-25T15:21:30Z">
          <reporter-output>
          </reporter-output>
        </test-method> <!-- oneTest -->
      </class> <!-- ant.testng.ClassOne -->
    </test> <!-- reg1 -->
  </suite> <!-- Suite1 -->
</testng-results>
